#
# There is insufficient memory for the Java Runtime Environment to continue.
# Native memory allocation (mmap) failed to map 264241152 bytes for G1 virtual space
# Possible reasons:
#   The system is out of physical RAM or swap space
#   The process is running with CompressedOops enabled, and the Java Heap may be blocking the growth of the native heap
# Possible solutions:
#   Reduce memory load on the system
#   Increase physical memory or swap space
#   Check if swap backing store is full
#   Decrease Java heap size (-Xmx/-Xms)
#   Decrease number of Java threads
#   Decrease Java thread stack sizes (-Xss)
#   Set larger code cache with -XX:ReservedCodeCacheSize=
#   JVM is running with Zero Based Compressed Oops mode in which the Java heap is
#     placed in the first 32GB address space. The Java Heap base address is the
#     maximum limit for the native heap growth. Please use -XX:HeapBaseMinAddress
#     to set the Java Heap base and to place the Java Heap above 32GB virtual address.
# This output file may be truncated or incomplete.
#
#  Out of Memory Error (os_windows.cpp:3541), pid=23956, tid=6120
#
# JRE version:  (17.0.5+9) (build )
# Java VM: Java HotSpot(TM) 64-Bit Server VM (17.0.5+9-LTS-191, mixed mode, emulated-client, sharing, tiered, compressed oops, compressed class ptrs, g1 gc, windows-amd64)
# No core dump will be written. Minidumps are not enabled by default on client versions of Windows
#

---------------  S U M M A R Y ------------

Command Line: -XX:TieredStopAtLevel=1 -Dspring.output.ansi.enabled=always -Dcom.sun.management.jmxremote -Dspring.jmx.enabled=true -Dspring.liveBeansView.mbeanDomain -Dspring.application.admin.enabled=true -Dmanagement.endpoints.jmx.exposure.include=* -javaagent:C:\Program Files\JetBrains\IntelliJ IDEA 2024.3.1.1\lib\idea_rt.jar=54565:C:\Program Files\JetBrains\IntelliJ IDEA 2024.3.1.1\bin -Dfile.encoding=UTF-8 blaybus.happynewyear.HappynewyearApplication

Host: 11th Gen Intel(R) Core(TM) i5-1135G7 @ 2.40GHz, 8 cores, 15G,  Windows 11 , 64 bit Build 22621 (10.0.22621.4391)
Time: Sat Jan 11 19:23:47 2025  Windows 11 , 64 bit Build 22621 (10.0.22621.4391) elapsed time: 0.027804 seconds (0d 0h 0m 0s)

---------------  T H R E A D  ---------------

Current thread (0x000001d1d2874330):  JavaThread "Unknown thread" [_thread_in_vm, id=6120, stack(0x000000c74e200000,0x000000c74e300000)]

Stack: [0x000000c74e200000,0x000000c74e300000]
Native frames: (J=compiled Java code, j=interpreted, Vv=VM code, C=native code)
V  [jvm.dll+0x672eea]
V  [jvm.dll+0x7d2a04]
V  [jvm.dll+0x7d41ae]
V  [jvm.dll+0x7d4813]
V  [jvm.dll+0x242c15]
V  [jvm.dll+0x66fe09]
V  [jvm.dll+0x664682]
V  [jvm.dll+0x300e8b]
V  [jvm.dll+0x308426]
V  [jvm.dll+0x357ffe]
V  [jvm.dll+0x35822f]
V  [jvm.dll+0x2d80a8]
V  [jvm.dll+0x2d9014]
V  [jvm.dll+0x7a44e1]
V  [jvm.dll+0x365df1]
V  [jvm.dll+0x7838fc]
V  [jvm.dll+0x3e873f]
V  [jvm.dll+0x3ea1e1]
C  [jli.dll+0x527b]
C  [ucrtbase.dll+0x29333]
C  [KERNEL32.DLL+0x1259d]
C  [ntdll.dll+0x5af38]


---------------  P R O C E S S  ---------------

Threads class SMR info:
_java_thread_list=0x00007ffcab32a8d8, length=0, elements={
}

Java Threads: ( => current thread )

Other Threads:
  0x000001d1d28e25f0 GCTaskThread "GC Thread#0" [stack: 0x000000c74e300000,0x000000c74e400000] [id=17908]
  0x000001d1d28f2ff0 ConcurrentGCThread "G1 Main Marker" [stack: 0x000000c74e400000,0x000000c74e500000] [id=24608]
  0x000001d1d28f50b0 ConcurrentGCThread "G1 Conc#0" [stack: 0x000000c74e500000,0x000000c74e600000] [id=15732]

[error occurred during error reporting (printing all threads), id 0xc0000005, EXCEPTION_ACCESS_VIOLATION (0xc0000005) at pc=0x00007ffcaab78a97]

VM state: not at safepoint (not fully initialized)

VM Mutex/Monitor currently owned by a thread:  ([mutex/lock_event])
[0x000001d1d286f3e0] Heap_lock - owner thread: 0x000001d1d2874330

Heap address: 0x0000000704400000, size: 4028 MB, Compressed Oops mode: Zero based, Oop shift amount: 3

CDS archive(s) mapped at: [0x0000000000000000-0x0000000000000000-0x0000000000000000), size 0, SharedBaseAddress: 0x0000000800000000, ArchiveRelocationMode: 0.
Narrow klass base: 0x0000000000000000, Narrow klass shift: 0, Narrow klass range: 0x0

GC Precious Log:
<Empty>

Heap:
 garbage-first heap   total 0K, used 0K [0x0000000704400000, 0x0000000800000000)
  region size 2048K, 0 young (0K), 0 survivors (0K)

[error occurred during error reporting (printing heap information), id 0xc0000005, EXCEPTION_ACCESS_VIOLATION (0xc0000005) at pc=0x00007ffcaaf5c399]

GC Heap History (0 events):
No events

Deoptimization events (0 events):
No events

Classes unloaded (0 events):
No events

Classes redefined (0 events):
No events

Internal exceptions (0 events):
No events

VM Operations (0 events):
No events

Events (1 events):
Event: 0.021 Loaded shared library C:\Program Files\Java\jdk-17.0.5\bin\java.dll


Dynamic libraries:
0x00007ff7f7550000 - 0x00007ff7f7560000 	C:\Program Files\Java\jdk-17.0.5\bin\java.exe
0x00007ffcf9cf0000 - 0x00007ffcf9f07000 	C:\WINDOWS\SYSTEM32\ntdll.dll
0x00007ffcf91c0000 - 0x00007ffcf9284000 	C:\WINDOWS\System32\KERNEL32.DLL
0x00007ffcf70e0000 - 0x00007ffcf749a000 	C:\WINDOWS\System32\KERNELBASE.dll
0x00007ffcf74a0000 - 0x00007ffcf75b1000 	C:\WINDOWS\System32\ucrtbase.dll
0x00007ffceda80000 - 0x00007ffceda9a000 	C:\Program Files\Java\jdk-17.0.5\bin\VCRUNTIME140.dll
0x00007ffceda60000 - 0x00007ffceda78000 	C:\Program Files\Java\jdk-17.0.5\bin\jli.dll
0x00007ffcf7b10000 - 0x00007ffcf7bc2000 	C:\WINDOWS\System32\ADVAPI32.dll
0x00007ffcf9c00000 - 0x00007ffcf9ca7000 	C:\WINDOWS\System32\msvcrt.dll
0x00007ffcf9290000 - 0x00007ffcf9337000 	C:\WINDOWS\System32\sechost.dll
0x00007ffcf7850000 - 0x00007ffcf7878000 	C:\WINDOWS\System32\bcrypt.dll
0x00007ffcf9390000 - 0x00007ffcf94a4000 	C:\WINDOWS\System32\RPCRT4.dll
0x00007ffcf94b0000 - 0x00007ffcf965e000 	C:\WINDOWS\System32\USER32.dll
0x00007ffcf7820000 - 0x00007ffcf7846000 	C:\WINDOWS\System32\win32u.dll
0x00007ffcf9a80000 - 0x00007ffcf9aa9000 	C:\WINDOWS\System32\GDI32.dll
0x00007ffcf75c0000 - 0x00007ffcf76db000 	C:\WINDOWS\System32\gdi32full.dll
0x00007ffcf6fc0000 - 0x00007ffcf705a000 	C:\WINDOWS\System32\msvcp_win.dll
0x00007ffce2400000 - 0x00007ffce2692000 	C:\WINDOWS\WinSxS\amd64_microsoft.windows.common-controls_6595b64144ccf1df_6.0.22621.4541_none_2710d1c57384c085\COMCTL32.dll
0x00007ffceace0000 - 0x00007ffceacea000 	C:\WINDOWS\SYSTEM32\VERSION.dll
0x00007ffcf7a70000 - 0x00007ffcf7aa1000 	C:\WINDOWS\System32\IMM32.DLL
0x00007ffcedab0000 - 0x00007ffcedabc000 	C:\Program Files\Java\jdk-17.0.5\bin\vcruntime140_1.dll
0x00007ffcdf3b0000 - 0x00007ffcdf43d000 	C:\Program Files\Java\jdk-17.0.5\bin\msvcp140.dll
0x00007ffcaa890000 - 0x00007ffcab452000 	C:\Program Files\Java\jdk-17.0.5\bin\server\jvm.dll
0x00007ffcf97b0000 - 0x00007ffcf97b8000 	C:\WINDOWS\System32\PSAPI.DLL
0x00007ffcf3270000 - 0x00007ffcf3279000 	C:\WINDOWS\SYSTEM32\WSOCK32.dll
0x00007ffcf9660000 - 0x00007ffcf96d1000 	C:\WINDOWS\System32\WS2_32.dll
0x00007ffcf2500000 - 0x00007ffcf2534000 	C:\WINDOWS\SYSTEM32\WINMM.dll
0x00007ffcf60b0000 - 0x00007ffcf60c8000 	C:\WINDOWS\SYSTEM32\kernel.appcore.dll
0x00007ffce2790000 - 0x00007ffce279a000 	C:\Program Files\Java\jdk-17.0.5\bin\jimage.dll
0x00007ffcf4870000 - 0x00007ffcf4aa2000 	C:\WINDOWS\SYSTEM32\DBGHELP.DLL
0x00007ffcf7d80000 - 0x00007ffcf810f000 	C:\WINDOWS\System32\combase.dll
0x00007ffcf9ab0000 - 0x00007ffcf9b87000 	C:\WINDOWS\System32\OLEAUT32.dll
0x00007ffcec490000 - 0x00007ffcec4c2000 	C:\WINDOWS\SYSTEM32\dbgcore.DLL
0x00007ffcf77a0000 - 0x00007ffcf781b000 	C:\WINDOWS\System32\bcryptPrimitives.dll
0x00007ffce2780000 - 0x00007ffce278e000 	C:\Program Files\Java\jdk-17.0.5\bin\instrument.dll
0x00007ffcdf380000 - 0x00007ffcdf3a5000 	C:\Program Files\Java\jdk-17.0.5\bin\java.dll

dbghelp: loaded successfully - version: 4.0.5 - missing functions: none
symbol engine: initialized successfully - sym options: 0x614 - pdb path: .;C:\Program Files\Java\jdk-17.0.5\bin;C:\WINDOWS\SYSTEM32;C:\WINDOWS\WinSxS\amd64_microsoft.windows.common-controls_6595b64144ccf1df_6.0.22621.4541_none_2710d1c57384c085;C:\Program Files\Java\jdk-17.0.5\bin\server

VM Arguments:
jvm_args: -XX:TieredStopAtLevel=1 -Dspring.output.ansi.enabled=always -Dcom.sun.management.jmxremote -Dspring.jmx.enabled=true -Dspring.liveBeansView.mbeanDomain -Dspring.application.admin.enabled=true -Dmanagement.endpoints.jmx.exposure.include=* -javaagent:C:\Program Files\JetBrains\IntelliJ IDEA 2024.3.1.1\lib\idea_rt.jar=54565:C:\Program Files\JetBrains\IntelliJ IDEA 2024.3.1.1\bin -Dfile.encoding=UTF-8 
java_command: blaybus.happynewyear.HappynewyearApplication
java_class_path (initial): C:\Users\kimha\하진\blaybus\happynewyear-server\build\classes\java\main;C:\Users\kimha\하진\blaybus\happynewyear-server\build\resources\main;C:\Users\kimha\.gradle\caches\modules-2\files-2.1\org.projectlombok\lombok\1.18.36\5a30490a6e14977d97d9c73c924c1f1b5311ea95\lombok-1.18.36.jar;C:\Users\kimha\.gradle\caches\modules-2\files-2.1\org.springframework.boot\spring-boot-starter-data-jpa\3.4.1\f06be4354c339f3f880a5c66a6913cd2366eb225\spring-boot-starter-data-jpa-3.4.1.jar;C:\Users\kimha\.gradle\caches\modules-2\files-2.1\org.springframework.boot\spring-boot-starter-validation\3.4.1\7b9baa79c886e362dc14764fc3b0983b607be1f5\spring-boot-starter-validation-3.4.1.jar;C:\Users\kimha\.gradle\caches\modules-2\files-2.1\org.springframework.boot\spring-boot-starter-web\3.4.1\ff7227fc62338e0f6eba3f9f94c12eb952d4da95\spring-boot-starter-web-3.4.1.jar;C:\Users\kimha\.gradle\caches\modules-2\files-2.1\org.springframework.boot\spring-boot-starter-security\3.4.1\6a82a9f484d265c73a203d551b614cd8bdde5825\spring-boot-starter-security-3.4.1.jar;C:\Users\kimha\.gradle\caches\modules-2\files-2.1\org.springframework.boot\spring-boot-starter-data-redis\3.4.1\d9a75f927b827a881d2f60df443d9741ef23fcda\spring-boot-starter-data-redis-3.4.1.jar;C:\Users\kimha\.gradle\caches\modules-2\files-2.1\io.jsonwebtoken\jjwt-impl\0.11.5\40a599f0e8a8e4e0701596fbb15e67bfda64fdf0\jjwt-impl-0.11.5.jar;C:\Users\kimha\.gradle\caches\modules-2\files-2.1\io.jsonwebtoken\jjwt-jackson\0.11.5\3b83a06809e98a69402d7333dcf67df6f6ea4579\jjwt-jackson-0.11.5.jar;C:\Users\kimha\.gradle\caches\modules-2\files-2.1\io.jsonwebtoken\jjwt-api\0.11.5\f742940045619d06383e7df37b21ac422b476cf1\jjwt-api-0.11.5.jar;C:\Users\kimha\.gradle\caches\modules-2\files-2.1\com.google.apis\google-api-services-sheets\v4-rev516-1.23.0\27be18389c71171d9248a0c1c84c41d57bba3267\google-api-services-sheets-v4-rev516-1.23.0.jar;C:\Users\kimha\.gradle\caches\modules-2\files-2.1\com.google.auth\google-auth-library-oauth2-http\0.2
Launcher Type: SUN_STANDARD

[Global flags]
     intx CICompilerCount                          = 4                                         {product} {ergonomic}
     uint ConcGCThreads                            = 2                                         {product} {ergonomic}
     uint G1ConcRefinementThreads                  = 8                                         {product} {ergonomic}
   size_t G1HeapRegionSize                         = 2097152                                   {product} {ergonomic}
    uintx GCDrainStackTargetSize                   = 64                                        {product} {ergonomic}
   size_t InitialHeapSize                          = 264241152                                 {product} {ergonomic}
     bool ManagementServer                         = true                                      {product} {command line}
   size_t MarkStackSize                            = 4194304                                   {product} {ergonomic}
   size_t MaxHeapSize                              = 4223664128                                {product} {ergonomic}
   size_t MinHeapDeltaBytes                        = 2097152                                   {product} {ergonomic}
   size_t MinHeapSize                              = 8388608                                   {product} {ergonomic}
    uintx NonProfiledCodeHeapSize                  = 0                                      {pd product} {ergonomic}
     bool ProfileInterpreter                       = false                                  {pd product} {command line}
    uintx ProfiledCodeHeapSize                     = 0                                      {pd product} {ergonomic}
   size_t SoftMaxHeapSize                          = 4223664128                             {manageable} {ergonomic}
     intx TieredStopAtLevel                        = 1                                         {product} {command line}
     bool UseCompressedClassPointers               = true                           {product lp64_product} {ergonomic}
     bool UseCompressedOops                        = true                           {product lp64_product} {ergonomic}
     bool UseG1GC                                  = true                                      {product} {ergonomic}
     bool UseLargePagesIndividualAllocation        = false                                  {pd product} {ergonomic}

Logging:
Log output configuration:
 #0: stdout all=warning uptime,level,tags
 #1: stderr all=off uptime,level,tags

Environment Variables:
JAVA_HOME=C:\Program Files\Java\jdk-17.0.5
PATH=C:\Program Files (x86)\VMware\VMware Workstation\bin\;C:\Program Files\Common Files\Oracle\Java\javapath;C:\WINDOWS\system32;C:\WINDOWS;C:\WINDOWS\System32\Wbem;C:\WINDOWS\System32\WindowsPowerShell\v1.0\;C:\WINDOWS\System32\OpenSSH\;C:\Users\kimha\AppData\Roaming\nvm;C:\Program Files\nodejs;C:\Program Files\Microsoft VS Code\bin;C:\Program Files\Java\jdk-17.0.5\bin;C:\Program Files\Git\cmd;C:\Program Files\MySQL\MySQL Server 8.0\bin;C:\Program Files (x86)\NetSarang\Xshell 7\;C:\MinGW\bin;C:\MinGW\msys\1.0\bin;C:\APM\php8;C:\Program Files\MySQL\MySQL Server 8.0\bin;C:\Program Files\Redis\;C:\Program Files\nodejs\;C:\Program Files\Docker\Docker\resources\bin;C:\Users\kimha\anaconda3;C:\Users\kimha\anaconda3\Library\mingw-w64\bin;C:\Users\kimha\anaconda3\Library\usr\bin;C:\Users\kimha\anaconda3\Library\bin;C:\Users\kimha\anaconda3\Scripts;C:\Ruby31-x64\bin;C:\Users\kimha\AppData\Local\Programs\Python\Python39\Scripts\;C:\Users\kimha\AppData\Local\Programs\Python\Python39\;C:\Users\kimha\AppData\Local\Microsoft\WindowsApps;C:\Program Files\JetBrains\PyCharm Community Edition 2021.3.2\bin;C:\Users\kimha\AppData\Roaming\nvm;C:\Program Files\nodejs;C:\Program Files\Git\cmd;C:\Users\kimha\AppData\Local\Microsoft\WindowsApps;C:\Users\kimha\AppData\Roaming\npm;C:\Program Files\JetBrains\IntelliJ IDEA 2024.3.1.1\bin;
USERNAME=kimha
OS=Windows_NT
PROCESSOR_IDENTIFIER=Intel64 Family 6 Model 140 Stepping 1, GenuineIntel



---------------  S Y S T E M  ---------------

OS:
 Windows 11 , 64 bit Build 22621 (10.0.22621.4391)
OS uptime: 0 days 14:54 hours
Hyper-V role detected

CPU: total 8 (initial active 8) (4 cores per cpu, 2 threads per core) family 6 model 140 stepping 1 microcode 0x8a, cx8, cmov, fxsr, ht, mmx, 3dnowpref, sse, sse2, sse3, ssse3, sse4.1, sse4.2, popcnt, lzcnt, tsc, tscinvbit, avx, avx2, aes, erms, clmul, bmi1, bmi2, adx, avx512f, avx512dq, avx512cd, avx512bw, avx512vl, sha, fma, vzeroupper, avx512_vpopcntdq, avx512_vpclmulqdq, avx512_vaes, avx512_vnni, clflush, clflushopt, clwb, avx512_vbmi2, avx512_vbmi, hv

Memory: 4k page, system-wide physical 16108M (2084M free)
TotalPageFile size 18010M (AvailPageFile size 39M)
current process WorkingSet (physical memory assigned to process): 11M, peak: 11M
current process commit charge ("private bytes"): 55M, peak: 307M

vm_info: Java HotSpot(TM) 64-Bit Server VM (17.0.5+9-LTS-191) for windows-amd64 JRE (17.0.5+9-LTS-191), built on Sep 13 2022 17:31:43 by "mach5one" with MS VC++ 16.8 / 16.9 (VS2019)

END.
